<?xml version="1.0" encoding="utf-8"?><testsuites name="pytest tests"><testsuite name="pytest" errors="0" failures="0" skipped="0" tests="22" time="8.563" timestamp="2026-07-11T09:24:31.115700+00:00" hostname="agent-env-3d5e5a8e-cd36-4e9c-b597-6876e1f2079e"><testcase classname="backend.tests.test_company_brain.TestBrainHealth" name="test_health_unauth_ok" time="1.085" /><testcase classname="backend.tests.test_company_brain.TestBrainContracts" name="test_contracts_requires_auth" time="1.389" /><testcase classname="backend.tests.test_company_brain.TestBrainContracts" name="test_contracts_invalid_token" time="0.175" /><testcase classname="backend.tests.test_company_brain.TestBrainContracts" name="test_contracts_owner" time="0.506" /><testcase classname="backend.tests.test_company_brain.TestBrainThreads" name="test_threads_requires_auth" time="0.141" /><testcase classname="backend.tests.test_company_brain.TestBrainThreads" name="test_threads_list_owner" time="0.298" /><testcase classname="backend.tests.test_company_brain.TestBrainThreads" name="test_get_or_create_thread_general" time="1.352" /><testcase classname="backend.tests.test_company_brain.TestBrainThreads" name="test_get_or_create_thread_project" time="0.423" /><testcase classname="backend.tests.test_company_brain.TestBrainThreads" name="test_get_or_create_thread_invalid_context" time="0.207" /><testcase classname="backend.tests.test_company_brain.TestBrainMessages" name="test_send_message_requires_auth" time="0.163" /><testcase classname="backend.tests.test_company_brain.TestBrainMessages" name="test_send_message_owner" time="0.539" /><testcase classname="backend.tests.test_company_brain.TestSuggestedActions" name="test_suggested_requires_auth" time="0.133" /><testcase classname="backend.tests.test_company_brain.TestSuggestedActions" name="test_suggested_general" time="0.143" /><testcase classname="backend.tests.test_company_brain.TestSuggestedActions" name="test_suggested_project_context" time="0.149" /><testcase classname="backend.tests.test_company_brain.TestActionHistory" name="test_history_requires_auth" time="0.156" /><testcase classname="backend.tests.test_company_brain.TestActionHistory" name="test_history_owner" time="0.285" /><testcase classname="backend.tests.test_company_brain.TestQueueAction" name="test_queue_requires_auth" time="0.140" /><testcase classname="backend.tests.test_company_brain.TestQueueAction" name="test_queue_invalid_module" time="0.150" /><testcase classname="backend.tests.test_company_brain.TestQueueAction" name="test_queue_valid_action_projects" time="0.478" /><testcase classname="backend.tests.test_company_brain.TestBriefProactive" name="test_brief_requires_auth" time="0.136" /><testcase classname="backend.tests.test_company_brain.TestBriefProactive" name="test_brief_owner" time="0.131" /><testcase classname="backend.tests.test_company_brain.TestBriefProactive" name="test_proactive_owner" time="0.142" /></testsuite></testsuites>