<?xml version="1.0" encoding="utf-8"?><testsuites name="pytest tests"><testsuite name="pytest" errors="0" failures="0" skipped="0" tests="6" time="7.222" timestamp="2026-07-12T09:21:52.485049+00:00" hostname="agent-env-3d5e5a8e-cd36-4e9c-b597-6876e1f2079e"><testcase classname="backend.tests.test_command_center.TestCommandCenterHealth" name="test_health_returns_healthy" time="3.193" /><testcase classname="backend.tests.test_command_center.TestCommandCenterAuthGuards" name="test_dashboard_requires_auth_header" time="0.231" /><testcase classname="backend.tests.test_command_center.TestCommandCenterAuthGuards" name="test_dashboard_rejects_invalid_token" time="0.241" /><testcase classname="backend.tests.test_command_center.TestCommandCenterAuthGuards" name="test_quick_stats_rejects_invalid_token" time="0.282" /><testcase classname="backend.tests.test_command_center.TestCommandCenterDashboard" name="test_dashboard_returns_aggregated_data" time="2.071" /><testcase classname="backend.tests.test_command_center.TestCommandCenterDashboard" name="test_quick_stats_returns_stats" time="0.933" /></testsuite></testsuites>