<?xml version="1.0" encoding="utf-8"?><testsuites name="pytest tests"><testsuite name="pytest" errors="0" failures="0" skipped="0" tests="9" time="5.494" timestamp="2026-07-13T02:58:10.297782+00:00" hostname="agent-env-3d5e5a8e-cd36-4e9c-b597-6876e1f2079e"><testcase classname="tests.test_config_refactor.TestLogin" name="test_login_returns_valid_jwt" time="0.536" /><testcase classname="tests.test_config_refactor.TestApiHealth" name="test_api_health" time="0.207" /><testcase classname="tests.test_config_refactor.TestOrganizations" name="test_organizations_health" time="0.411" /><testcase classname="tests.test_config_refactor.TestOrganizations" name="test_get_my_organizations" time="0.637" /><testcase classname="tests.test_config_refactor.TestCommandCenter" name="test_dashboard_returns_200" time="0.963" /><testcase classname="tests.test_config_refactor.TestProductionLibrary" name="test_seed_status_is_seeded" time="0.715" /><testcase classname="tests.test_config_refactor.TestProductionLibrary" name="test_items_returns_seeded_codes" time="0.769" /><testcase classname="tests.test_config_refactor.TestOpportunities" name="test_opportunities_health" time="0.415" /><testcase classname="tests.test_config_refactor.TestOpportunities" name="test_list_opportunities_returns_200" time="0.691" /></testsuite></testsuites>