<?xml version="1.0" encoding="utf-8"?><testsuites name="pytest tests"><testsuite name="pytest" errors="0" failures="0" skipped="6" tests="8" time="3.284" timestamp="2026-07-15T16:12:45.988852+00:00" hostname="agent-env-3d5e5a8e-cd36-4e9c-b597-6876e1f2079e"><testcase classname="backend.tests.test_estimates_api_v112.TestEstimatesAuthGuard" name="test_list_requires_auth" time="0.305" /><testcase classname="backend.tests.test_estimates_api_v112.TestEstimatesAuthGuard" name="test_create_requires_auth" time="0.209" /><testcase classname="backend.tests.test_estimates_api_v112.TestEstimatesCRUD" name="test_list_estimates" time="1.065"><skipped type="pytest.xfail" message="Supabase 'estimates' table missing (expected fallback path)" /></testcase><testcase classname="backend.tests.test_estimates_api_v112.TestEstimatesCRUD" name="test_create_estimate_returns_number" time="0.635"><skipped type="pytest.xfail" message="Supabase estimates table missing — frontend falls back to localStorage" /></testcase><testcase classname="backend.tests.test_estimates_api_v112.TestEstimatesCRUD" name="test_get_created_estimate" time="0.001"><skipped type="pytest.skip" message="Create step skipped or failed">/app/backend/tests/test_estimates_api_v112.py:111: Create step skipped or failed</skipped></testcase><testcase classname="backend.tests.test_estimates_api_v112.TestEstimatesCRUD" name="test_update_estimate" time="0.001"><skipped type="pytest.skip" message="Create step skipped or failed">/app/backend/tests/test_estimates_api_v112.py:122: Create step skipped or failed</skipped></testcase><testcase classname="backend.tests.test_estimates_api_v112.TestEstimatesCRUD" name="test_delete_estimate_soft" time="0.001"><skipped type="pytest.skip" message="Create step skipped or failed">/app/backend/tests/test_estimates_api_v112.py:140: Create step skipped or failed</skipped></testcase><testcase classname="backend.tests.test_estimates_api_v112.TestEstimatesEdgeCases" name="test_get_nonexistent_returns_404" time="0.683"><skipped type="pytest.xfail" message="Supabase estimates table missing" /></testcase></testsuite></testsuites>