<?xml version="1.0" encoding="utf-8"?><testsuites name="pytest tests"><testsuite name="pytest" errors="0" failures="0" skipped="0" tests="6" time="8.858" timestamp="2026-07-14T03:14:47.799527+00:00" hostname="agent-env-3d5e5a8e-cd36-4e9c-b597-6876e1f2079e"><testcase classname="backend.tests.test_import_wizard_e2e.TestSeedStatus" name="test_seed_status_returns_counts" time="3.478" /><testcase classname="backend.tests.test_import_wizard_e2e.TestTemplateDownload" name="test_template_returns_13_columns" time="0.338" /><testcase classname="backend.tests.test_import_wizard_e2e.TestImportValidate" name="test_validate_valid_row" time="0.745" /><testcase classname="backend.tests.test_import_wizard_e2e.TestImportValidate" name="test_validate_bad_domain_and_unit" time="0.758" /><testcase classname="backend.tests.test_import_wizard_e2e.TestImportCommitWorkflow" name="test_full_import_workflow" time="3.116" /><testcase classname="backend.tests.test_import_wizard_e2e.TestImportCommitWorkflow" name="test_commit_requires_auth" time="0.191" /></testsuite></testsuites>