<?xml version="1.0" encoding="utf-8"?><testsuites name="pytest tests"><testsuite name="pytest" errors="0" failures="0" skipped="0" tests="8" time="3.683" timestamp="2026-07-13T01:39:05.668827+00:00" hostname="agent-env-3d5e5a8e-cd36-4e9c-b597-6876e1f2079e"><testcase classname="backend.tests.test_organizations_me" name="test_backend_health" time="0.288" /><testcase classname="backend.tests.test_organizations_me" name="test_organizations_service_health" time="0.490" /><testcase classname="backend.tests.test_organizations_me" name="test_login_returns_valid_token" time="0.400" /><testcase classname="backend.tests.test_organizations_me" name="test_organizations_me_returns_200" time="0.747" /><testcase classname="backend.tests.test_organizations_me" name="test_organizations_me_payload_shape" time="0.663" /><testcase classname="backend.tests.test_organizations_me" name="test_organizations_me_includes_two_fungis" time="0.646" /><testcase classname="backend.tests.test_organizations_me" name="test_organizations_me_without_auth_returns_error" time="0.146" /><testcase classname="backend.tests.test_organizations_me" name="test_organizations_me_bad_token_returns_401" time="0.135" /></testsuite></testsuites>