<?xml version="1.0" encoding="utf-8"?><testsuites name="pytest tests"><testsuite name="pytest" errors="0" failures="0" skipped="0" tests="13" time="5.812" timestamp="2026-07-11T18:43:52.964255+00:00" hostname="agent-env-3d5e5a8e-cd36-4e9c-b597-6876e1f2079e"><testcase classname="backend.tests.test_owner_management.TestLoginBothOwners" name="test_scott_login_success" time="0.485" /><testcase classname="backend.tests.test_owner_management.TestLoginBothOwners" name="test_beau_login_success" time="0.246" /><testcase classname="backend.tests.test_owner_management.TestOwnerRoles" name="test_scott_is_owner" time="0.714" /><testcase classname="backend.tests.test_owner_management.TestOwnerRoles" name="test_beau_is_owner" time="0.423" /><testcase classname="backend.tests.test_owner_management.TestListOwners" name="test_list_owners_requires_auth" time="0.157" /><testcase classname="backend.tests.test_owner_management.TestListOwners" name="test_list_owners_invalid_token" time="0.142" /><testcase classname="backend.tests.test_owner_management.TestListOwners" name="test_list_owners_as_scott" time="0.625" /><testcase classname="backend.tests.test_owner_management.TestListOwners" name="test_list_owners_as_beau" time="0.535" /><testcase classname="backend.tests.test_owner_management.TestListOwners" name="test_list_owners_both_active" time="0.688" /><testcase classname="backend.tests.test_owner_management.TestListTeam" name="test_team_requires_auth" time="0.154" /><testcase classname="backend.tests.test_owner_management.TestListTeam" name="test_team_list_as_scott" time="0.550" /><testcase classname="backend.tests.test_owner_management.TestCreateOwner" name="test_create_owner_requires_auth" time="0.193" /><testcase classname="backend.tests.test_owner_management.TestCreateOwner" name="test_create_owner_idempotent_for_beau" time="0.705" /></testsuite></testsuites>