<?xml version="1.0" encoding="utf-8"?><testsuites name="pytest tests"><testsuite name="pytest" errors="0" failures="0" skipped="0" tests="11" time="20.029" timestamp="2026-07-14T08:43:41.139528+00:00" hostname="agent-env-3d5e5a8e-cd36-4e9c-b597-6876e1f2079e"><testcase classname="backend.tests.test_production_library_crud.TestPaginationLimit" name="test_limit_param_returns_more_than_default" time="2.014" /><testcase classname="backend.tests.test_production_library_crud.TestPaginationLimit" name="test_default_pagination_still_50" time="0.626" /><testcase classname="backend.tests.test_production_library_crud.TestPaginationLimit" name="test_limit_over_1000_rejected" time="0.175" /><testcase classname="backend.tests.test_production_library_crud.TestIncludeInactive" name="test_include_inactive_returns_archived" time="5.219" /><testcase classname="backend.tests.test_production_library_crud.TestDuplicate" name="test_duplicate_creates_copy_with_suffix" time="2.671" /><testcase classname="backend.tests.test_production_library_crud.TestArchiveRestore" name="test_archive_then_restore" time="3.616" /><testcase classname="backend.tests.test_production_library_crud.TestPermanentDelete" name="test_permanent_delete_removes_unreferenced_item" time="1.919" /><testcase classname="backend.tests.test_production_library_crud.TestPermanentDelete" name="test_permanent_delete_blocked_when_referenced_in_assembly" time="3.138" /><testcase classname="backend.tests.test_production_library_crud.TestAuthGuards" name="test_restore_requires_auth" time="0.128" /><testcase classname="backend.tests.test_production_library_crud.TestAuthGuards" name="test_duplicate_requires_auth" time="0.142" /><testcase classname="backend.tests.test_production_library_crud.TestAuthGuards" name="test_permanent_delete_requires_auth" time="0.130" /></testsuite></testsuites>