<?xml version="1.0" encoding="utf-8"?><testsuites name="pytest tests"><testsuite name="pytest" errors="0" failures="0" skipped="0" tests="6" time="9.584" timestamp="2026-07-13T04:02:59.318720+00:00" hostname="agent-env-3d5e5a8e-cd36-4e9c-b597-6876e1f2079e"><testcase classname="backend.tests.test_production_library_hierarchy_v2.TestSeedEndpoints" name="test_seed_finish_carpentry" time="3.623" /><testcase classname="backend.tests.test_production_library_hierarchy_v2.TestSeedEndpoints" name="test_seed_v2_hierarchy" time="0.649" /><testcase classname="backend.tests.test_production_library_hierarchy_v2.TestHierarchy" name="test_hierarchy_all_levels_present" time="0.904" /><testcase classname="backend.tests.test_production_library_hierarchy_v2.TestProductionItems" name="test_items_list_contains_grab_bar" time="0.640" /><testcase classname="backend.tests.test_production_library_hierarchy_v2.TestProductionItems" name="test_item_detail_full_metadata" time="1.235" /><testcase classname="backend.tests.test_production_library_hierarchy_v2.TestProductionItems" name="test_item_update_persists" time="2.399" /></testsuite></testsuites>