<?xml version="1.0" encoding="utf-8"?><testsuites name="pytest tests"><testsuite name="pytest" errors="0" failures="0" skipped="0" tests="6" time="5.624" timestamp="2026-07-13T02:48:25.400473+00:00" hostname="agent-env-3d5e5a8e-cd36-4e9c-b597-6876e1f2079e"><testcase classname="backend.tests.test_production_library_seed.TestSeedStatus" name="test_seed_status_endpoint" time="2.993" /><testcase classname="backend.tests.test_production_library_seed.TestDomains" name="test_get_domains" time="0.585" /><testcase classname="backend.tests.test_production_library_seed.TestServiceCategories" name="test_get_service_categories" time="0.483" /><testcase classname="backend.tests.test_production_library_seed.TestProductionItems" name="test_get_items" time="0.659" /><testcase classname="backend.tests.test_production_library_seed.TestProductionItems" name="test_items_have_required_fields" time="0.586" /><testcase classname="backend.tests.test_production_library_seed.TestUnauthenticated" name="test_seed_status_requires_auth" time="0.142" /></testsuite></testsuites>