<?xml version="1.0" encoding="utf-8"?><testsuites name="pytest tests"><testsuite name="pytest" errors="0" failures="4" skipped="2" tests="10" time="7.993" timestamp="2026-07-12T17:33:06.202705+00:00" hostname="agent-env-3d5e5a8e-cd36-4e9c-b597-6876e1f2079e"><testcase classname="backend.tests.test_production_library_import.TestSeedStatus" name="test_seed_status_returns_200_and_expected_shape" time="1.584" /><testcase classname="backend.tests.test_production_library_import.TestSeedStatus" name="test_seed_status_requires_auth" time="0.158" /><testcase classname="backend.tests.test_production_library_import.TestSeedInitialize" name="test_seed_and_verify_counts" time="2.125"><failure message="assert (0 + 0) &gt;= 1">backend/tests/test_production_library_import.py:115: in test_seed_and_verify_counts
    assert (kd["created"] + kd["existing"]) &gt;= 1
E   assert (0 + 0) &gt;= 1</failure></testcase><testcase classname="backend.tests.test_production_library_import.TestTemplateDownload" name="test_template_download_returns_columns_and_csv" time="0.335" /><testcase classname="backend.tests.test_production_library_import.TestReferenceEndpoints" name="test_units_endpoint" time="0.562"><failure message="AssertionError: {&quot;detail&quot;:&quot;Failed to fetch units&quot;}&#10;assert 404 == 200&#10; +  where 404 = &lt;Response [404]&gt;.status_code">backend/tests/test_production_library_import.py:164: in test_units_endpoint
    assert r.status_code == 200, r.text
E   AssertionError: {"detail":"Failed to fetch units"}
E   assert 404 == 200
E    +  where 404 = &lt;Response [404]&gt;.status_code</failure></testcase><testcase classname="backend.tests.test_production_library_import.TestReferenceEndpoints" name="test_domains_endpoint" time="0.676"><failure message="AssertionError: {&quot;detail&quot;:&quot;Failed to fetch domains&quot;}&#10;assert 404 == 200&#10; +  where 404 = &lt;Response [404]&gt;.status_code">backend/tests/test_production_library_import.py:172: in test_domains_endpoint
    assert r.status_code == 200, r.text
E   AssertionError: {"detail":"Failed to fetch domains"}
E   assert 404 == 200
E    +  where 404 = &lt;Response [404]&gt;.status_code</failure></testcase><testcase classname="backend.tests.test_production_library_import.TestReferenceEndpoints" name="test_service_categories_endpoint" time="0.545"><failure message="AssertionError: {&quot;detail&quot;:&quot;Failed to fetch categories&quot;}&#10;assert 404 == 200&#10; +  where 404 = &lt;Response [404]&gt;.status_code">backend/tests/test_production_library_import.py:180: in test_service_categories_endpoint
    assert r.status_code == 200, r.text
E   AssertionError: {"detail":"Failed to fetch categories"}
E   assert 404 == 200
E    +  where 404 = &lt;Response [404]&gt;.status_code</failure></testcase><testcase classname="backend.tests.test_production_library_import.TestImportValidate" name="test_validate_valid_csv" time="0.854"><skipped type="pytest.skip" message="Library not initialized; skip valid-row assertion">/app/backend/tests/test_production_library_import.py:220: Library not initialized; skip valid-row assertion</skipped></testcase><testcase classname="backend.tests.test_production_library_import.TestImportValidate" name="test_validate_invalid_csv_reports_errors" time="0.664"><skipped type="pytest.skip" message="Library not initialized">/app/backend/tests/test_production_library_import.py:243: Library not initialized</skipped></testcase><testcase classname="backend.tests.test_production_library_import.TestImportValidate" name="test_validate_requires_auth" time="0.157" /></testsuite></testsuites>