<?xml version="1.0" encoding="utf-8"?><testsuites name="pytest tests"><testsuite name="pytest" errors="0" failures="0" skipped="0" tests="15" time="10.179" timestamp="2026-07-14T00:15:40.034537+00:00" hostname="agent-env-3d5e5a8e-cd36-4e9c-b597-6876e1f2079e"><testcase classname="tests.test_production_library_workflow_v21.TestSeedStatus" name="test_status" time="1.089" /><testcase classname="tests.test_production_library_workflow_v21.TestHierarchyLookups" name="test_domains_list" time="0.463" /><testcase classname="tests.test_production_library_workflow_v21.TestHierarchyLookups" name="test_categories_list" time="0.418" /><testcase classname="tests.test_production_library_workflow_v21.TestHierarchyLookups" name="test_units_list" time="0.444" /><testcase classname="tests.test_production_library_workflow_v21.TestItemsListing" name="test_items_default_page" time="0.503" /><testcase classname="tests.test_production_library_workflow_v21.TestItemsListing" name="test_items_pagination" time="0.519" /><testcase classname="tests.test_production_library_workflow_v21.TestItemsListing" name="test_items_search" time="0.520" /><testcase classname="tests.test_production_library_workflow_v21.TestItemsListing" name="test_item_detail" time="1.060" /><testcase classname="tests.test_production_library_workflow_v21.TestItemCRUD" name="test_1_create_item" time="1.400" /><testcase classname="tests.test_production_library_workflow_v21.TestItemCRUD" name="test_2_read_created_item" time="0.510" /><testcase classname="tests.test_production_library_workflow_v21.TestItemCRUD" name="test_3_update_item" time="0.977" /><testcase classname="tests.test_production_library_workflow_v21.TestItemCRUD" name="test_4_delete_item" time="0.963" /><testcase classname="tests.test_production_library_workflow_v21.TestDomainCategoryCreate" name="test_create_domain" time="0.400" /><testcase classname="tests.test_production_library_workflow_v21.TestDomainCategoryCreate" name="test_create_service_category" time="0.444" /><testcase classname="tests.test_production_library_workflow_v21.TestImportTemplate" name="test_download_template" time="0.292" /></testsuite></testsuites>