<?xml version="1.0" encoding="utf-8"?><testsuites name="pytest tests"><testsuite name="pytest" errors="0" failures="0" skipped="0" tests="6" time="3.552" timestamp="2026-07-14T00:14:39.066957+00:00" hostname="agent-env-3d5e5a8e-cd36-4e9c-b597-6876e1f2079e"><testcase classname="tests.test_production_library_seed.TestSeedStatus" name="test_seed_status_endpoint" time="1.307" /><testcase classname="tests.test_production_library_seed.TestDomains" name="test_get_domains" time="0.454" /><testcase classname="tests.test_production_library_seed.TestServiceCategories" name="test_get_service_categories" time="0.538" /><testcase classname="tests.test_production_library_seed.TestProductionItems" name="test_get_items" time="0.486" /><testcase classname="tests.test_production_library_seed.TestProductionItems" name="test_items_have_required_fields" time="0.509" /><testcase classname="tests.test_production_library_seed.TestUnauthenticated" name="test_seed_status_requires_auth" time="0.148" /></testsuite></testsuites>