<?xml version="1.0" encoding="utf-8"?><testsuites name="pytest tests"><testsuite name="pytest" errors="0" failures="0" skipped="0" tests="10" time="10.037" timestamp="2026-07-14T07:48:45.949791+00:00" hostname="agent-env-3d5e5a8e-cd36-4e9c-b597-6876e1f2079e"><testcase classname="backend.tests.test_production_library_import_v2.TestTemplateDownloadV2" name="test_template_has_v2_fields" time="1.546" /><testcase classname="backend.tests.test_production_library_import_v2.TestValidateUnitAliases" name="test_unit_aliases_are_mapped" time="0.805" /><testcase classname="backend.tests.test_production_library_import_v2.TestValidateUnitAliases" name="test_invalid_unit_reports_critical_error" time="0.778" /><testcase classname="backend.tests.test_production_library_import_v2.TestValidateAutoCreatedLookups" name="test_new_domain_and_categories_listed_as_pending" time="0.807" /><testcase classname="backend.tests.test_production_library_import_v2.TestCommitDuplicateStrategies" name="test_commit_creates_then_skips_and_updates" time="2.773" /><testcase classname="backend.tests.test_production_library_import_v2.TestCommitAutoCreateLookups" name="test_commit_creates_missing_domain_and_category" time="1.208" /><testcase classname="backend.tests.test_production_library_import_v2.TestCommitAutoCreateLookups" name="test_commit_unit_conversions_counted" time="0.878" /><testcase classname="backend.tests.test_production_library_import_v2.TestCommitInvalidStrategy" name="test_invalid_strategy_returns_400" time="0.302" /><testcase classname="backend.tests.test_production_library_import_v2.TestAuthGuard" name="test_validate_requires_auth" time="0.157" /><testcase classname="backend.tests.test_production_library_import_v2.TestAuthGuard" name="test_commit_requires_auth" time="0.156" /></testsuite></testsuites>