<?xml version="1.0" encoding="utf-8"?><testsuites name="pytest tests"><testsuite name="pytest" errors="0" failures="0" skipped="0" tests="10" time="8.120" timestamp="2026-07-11T08:54:49.066631+00:00" hostname="agent-env-3d5e5a8e-cd36-4e9c-b597-6876e1f2079e"><testcase classname="backend.tests.test_tfcs_mainframe.TestHealth" name="test_tfcs_health" time="3.458" /><testcase classname="backend.tests.test_tfcs_mainframe.TestRole" name="test_role_me_requires_auth" time="0.239" /><testcase classname="backend.tests.test_tfcs_mainframe.TestRole" name="test_role_me_invalid_token" time="0.241" /><testcase classname="backend.tests.test_tfcs_mainframe.TestRole" name="test_role_me_owner" time="1.183" /><testcase classname="backend.tests.test_tfcs_mainframe.TestNotifications" name="test_notifications_requires_auth" time="0.159" /><testcase classname="backend.tests.test_tfcs_mainframe.TestNotifications" name="test_notifications_owner" time="0.638" /><testcase classname="backend.tests.test_tfcs_mainframe.TestActivity" name="test_activity_requires_auth" time="0.134" /><testcase classname="backend.tests.test_tfcs_mainframe.TestActivity" name="test_activity_owner" time="0.641" /><testcase classname="backend.tests.test_tfcs_mainframe.TestProjects" name="test_projects_list_owner" time="0.351" /><testcase classname="backend.tests.test_tfcs_mainframe.TestDiagnostics" name="test_diagnostics_owner" time="0.819" /></testsuite></testsuites>