<?xml version="1.0" encoding="utf-8"?><testsuites name="pytest tests"><testsuite name="pytest" errors="0" failures="0" skipped="0" tests="13" time="5.765" timestamp="2026-07-14T06:40:06.832439+00:00" hostname="agent-env-3d5e5a8e-cd36-4e9c-b597-6876e1f2079e"><testcase classname="backend.tests.test_team_management" name="test_get_members_returns_200" time="1.010" /><testcase classname="backend.tests.test_team_management" name="test_get_members_shape_and_owner_present" time="0.468" /><testcase classname="backend.tests.test_team_management" name="test_get_members_requires_auth" time="0.148" /><testcase classname="backend.tests.test_team_management" name="test_get_members_bad_org_behaviour" time="0.465" /><testcase classname="backend.tests.test_team_management" name="test_invite_invalid_role_returns_400" time="0.170" /><testcase classname="backend.tests.test_team_management" name="test_invite_requires_auth" time="0.137" /><testcase classname="backend.tests.test_team_management" name="test_invite_new_email_creates_pending_invitation" time="0.517" /><testcase classname="backend.tests.test_team_management" name="test_invite_existing_member_returns_400" time="0.472" /><testcase classname="backend.tests.test_team_management" name="test_update_role_invalid_role_returns_400" time="0.133" /><testcase classname="backend.tests.test_team_management" name="test_update_role_requires_auth" time="0.142" /><testcase classname="backend.tests.test_team_management" name="test_owner_cannot_demote_self_if_only_owner" time="0.846" /><testcase classname="backend.tests.test_team_management" name="test_delete_requires_auth" time="0.179" /><testcase classname="backend.tests.test_team_management" name="test_owner_cannot_remove_self_if_only_owner" time="0.882" /></testsuite></testsuites>