<?xml version="1.0" encoding="utf-8"?><testsuites name="pytest tests"><testsuite name="pytest" errors="0" failures="0" skipped="0" tests="5" time="6.744" timestamp="2026-07-15T02:28:24.216868+00:00" hostname="agent-env-3d5e5a8e-cd36-4e9c-b597-6876e1f2079e"><testcase classname="backend.tests.test_production_library_delete_v11.TestPermanentDelete" name="test_domain_permanent_delete_create_and_delete" time="2.786" /><testcase classname="backend.tests.test_production_library_delete_v11.TestPermanentDelete" name="test_category_permanent_delete" time="2.185" /><testcase classname="backend.tests.test_production_library_delete_v11.TestPermanentDelete" name="test_domain_permanent_delete_nonexistent_returns_200_or_error" time="0.627" /><testcase classname="backend.tests.test_production_library_delete_v11.TestListEndpointsForModal" name="test_domains_endpoint" time="0.531" /><testcase classname="backend.tests.test_production_library_delete_v11.TestListEndpointsForModal" name="test_units_endpoint" time="0.492" /></testsuite></testsuites>