<?xml version="1.0" encoding="utf-8"?><testsuites name="pytest tests"><testsuite name="pytest" errors="0" failures="0" skipped="0" tests="9" time="3.734" timestamp="2026-07-13T23:18:34.413113+00:00" hostname="agent-env-3d5e5a8e-cd36-4e9c-b597-6876e1f2079e"><testcase classname="backend.tests.test_v1_alpha_audit" name="test_health" time="0.244" /><testcase classname="backend.tests.test_v1_alpha_audit" name="test_workspace_context" time="0.900" /><testcase classname="backend.tests.test_v1_alpha_audit" name="test_organizations_me" time="0.497" /><testcase classname="backend.tests.test_v1_alpha_audit" name="test_opportunities_list" time="0.481" /><testcase classname="backend.tests.test_v1_alpha_audit" name="test_opportunities_stats" time="0.434" /><testcase classname="backend.tests.test_v1_alpha_audit" name="test_projects_list" time="0.254" /><testcase classname="backend.tests.test_v1_alpha_audit" name="test_invoices_list" time="0.263" /><testcase classname="backend.tests.test_v1_alpha_audit" name="test_expenses_list" time="0.283" /><testcase classname="backend.tests.test_v1_alpha_audit" name="test_documents_endpoint_mismatch" time="0.243" /></testsuite></testsuites>