<?xml version="1.0" encoding="utf-8"?><testsuites name="pytest tests"><testsuite name="pytest" errors="0" failures="0" skipped="0" tests="7" time="4.670" timestamp="2026-07-12T07:26:19.766190+00:00" hostname="agent-env-3d5e5a8e-cd36-4e9c-b597-6876e1f2079e"><testcase classname="backend.tests.test_workspace_context.TestWorkspaceHealth" name="test_health" time="1.206" /><testcase classname="backend.tests.test_workspace_context.TestWorkspaceContext" name="test_missing_auth" time="0.159" /><testcase classname="backend.tests.test_workspace_context.TestWorkspaceContext" name="test_invalid_token" time="0.169" /><testcase classname="backend.tests.test_workspace_context.TestWorkspaceContext" name="test_scott_context_returns_command_center" time="1.464" /><testcase classname="backend.tests.test_workspace_context.TestWorkspaceContext" name="test_scott_context_has_organization_name" time="0.696" /><testcase classname="backend.tests.test_workspace_context.TestWorkspacePermissions" name="test_scott_permissions_owner" time="0.616" /><testcase classname="backend.tests.test_workspace_context.TestWorkspacePermissions" name="test_permissions_requires_auth" time="0.161" /></testsuite></testsuites>